c:\users\yosha\documents\dae\programming 4\textbasedadventure\x64\debug\vc140.pdb
c:\users\yosha\documents\dae\programming 4\textbasedadventure\x64\debug\vc140.idb
c:\users\yosha\documents\dae\programming 4\textbasedadventure\x64\debug\textworldbaselistener.obj
c:\users\yosha\documents\dae\programming 4\textbasedadventure\x64\debug\textworldbasevisitor.obj
c:\users\yosha\documents\dae\programming 4\textbasedadventure\x64\debug\textworldlexer.obj
c:\users\yosha\documents\dae\programming 4\textbasedadventure\x64\debug\textworldlistener.obj
c:\users\yosha\documents\dae\programming 4\textbasedadventure\x64\debug\textworldparser.obj
c:\users\yosha\documents\dae\programming 4\textbasedadventure\x64\debug\textworldvisitor.obj
c:\users\yosha\documents\dae\programming 4\textbasedadventure\x64\debug\campfire.obj
c:\users\yosha\documents\dae\programming 4\textbasedadventure\x64\debug\helpers.obj
c:\users\yosha\documents\dae\programming 4\textbasedadventure\x64\debug\inputparser.obj
c:\users\yosha\documents\dae\programming 4\textbasedadventure\x64\debug\interactiveobject.obj
c:\users\yosha\documents\dae\programming 4\textbasedadventure\x64\debug\inventory.obj
c:\users\yosha\documents\dae\programming 4\textbasedadventure\x64\debug\main.obj
c:\users\yosha\documents\dae\programming 4\textbasedadventure\x64\debug\outputformatter.obj
c:\users\yosha\documents\dae\programming 4\textbasedadventure\x64\debug\playerstats.obj
c:\users\yosha\documents\dae\programming 4\textbasedadventure\x64\debug\timemanager.obj
c:\users\yosha\documents\dae\programming 4\textbasedadventure\x64\debug\worldnode.obj
c:\users\yosha\documents\dae\programming 4\textbasedadventure\x64\debug\textbasedadventure.ilk
c:\users\yosha\documents\dae\programming 4\textbasedadventure\x64\debug\textbasedadventure.exe
c:\users\yosha\documents\dae\programming 4\textbasedadventure\x64\debug\textbasedadventure.pdb
c:\users\yosha\documents\dae\programming 4\textbasedadventure\x64\debug\textbase.e5c83364.tlog\cl.command.1.tlog
c:\users\yosha\documents\dae\programming 4\textbasedadventure\x64\debug\textbase.e5c83364.tlog\cl.read.1.tlog
c:\users\yosha\documents\dae\programming 4\textbasedadventure\x64\debug\textbase.e5c83364.tlog\cl.write.1.tlog
c:\users\yosha\documents\dae\programming 4\textbasedadventure\x64\debug\textbase.e5c83364.tlog\link.command.1.tlog
c:\users\yosha\documents\dae\programming 4\textbasedadventure\x64\debug\textbase.e5c83364.tlog\link.read.1.tlog
c:\users\yosha\documents\dae\programming 4\textbasedadventure\x64\debug\textbase.e5c83364.tlog\link.write.1.tlog
