  Main.cpp
c:\users\yosha\documents\dae\z_old\sem2\programming 4\chapter1_-_antlr\antlr4-runtime\src\exceptions.h(15): warning C4251: 'antlr4::RuntimeException::_message': class 'std::basic_string<char,std::char_traits<char>,std::allocator<char>>' needs to have dll-interface to be used by clients of class 'antlr4::RuntimeException'
  c:\program files (x86)\microsoft visual studio 14.0\vc\include\xstring(2633): note: see declaration of 'std::basic_string<char,std::char_traits<char>,std::allocator<char>>'
c:\users\yosha\documents\dae\z_old\sem2\programming 4\chapter1_-_antlr\antlr4-runtime\src\exceptions.h(56): warning C4251: 'antlr4::IOException::_message': class 'std::basic_string<char,std::char_traits<char>,std::allocator<char>>' needs to have dll-interface to be used by clients of class 'antlr4::IOException'
  c:\program files (x86)\microsoft visual studio 14.0\vc\include\xstring(2633): note: see declaration of 'std::basic_string<char,std::char_traits<char>,std::allocator<char>>'
c:\users\yosha\documents\dae\z_old\sem2\programming 4\chapter1_-_antlr\antlr4-runtime\src\intstream.h(41): warning C4251: 'antlr4::IntStream::UNKNOWN_SOURCE_NAME': class 'std::basic_string<char,std::char_traits<char>,std::allocator<char>>' needs to have dll-interface to be used by clients of class 'antlr4::IntStream'
  c:\program files (x86)\microsoft visual studio 14.0\vc\include\xstring(2633): note: see declaration of 'std::basic_string<char,std::char_traits<char>,std::allocator<char>>'
c:\users\yosha\documents\dae\z_old\sem2\programming 4\chapter1_-_antlr\antlr4-runtime\src\antlrinputstream.h(20): warning C4251: 'antlr4::ANTLRInputStream::_data': class 'std::basic_string<int,std::char_traits<_Elem>,std::allocator<_Elem>>' needs to have dll-interface to be used by clients of class 'antlr4::ANTLRInputStream'
          with
          [
              _Elem=int
          ]
  c:\users\yosha\documents\dae\z_old\sem2\programming 4\chapter1_-_antlr\antlr4-runtime\src\antlr4-common.h(59): note: see declaration of 'std::basic_string<int,std::char_traits<_Elem>,std::allocator<_Elem>>'
          with
          [
              _Elem=int
          ]
c:\users\yosha\documents\dae\z_old\sem2\programming 4\chapter1_-_antlr\antlr4-runtime\src\antlrinputstream.h(30): warning C4251: 'antlr4::ANTLRInputStream::name': class 'std::basic_string<char,std::char_traits<char>,std::allocator<char>>' needs to have dll-interface to be used by clients of class 'antlr4::ANTLRInputStream'
  c:\program files (x86)\microsoft visual studio 14.0\vc\include\xstring(2633): note: see declaration of 'std::basic_string<char,std::char_traits<char>,std::allocator<char>>'
c:\users\yosha\documents\dae\z_old\sem2\programming 4\chapter1_-_antlr\antlr4-runtime\src\antlrfilestream.h(17): warning C4251: 'antlr4::ANTLRFileStream::_fileName': class 'std::basic_string<char,std::char_traits<char>,std::allocator<char>>' needs to have dll-interface to be used by clients of class 'antlr4::ANTLRFileStream'
  c:\program files (x86)\microsoft visual studio 14.0\vc\include\xstring(2633): note: see declaration of 'std::basic_string<char,std::char_traits<char>,std::allocator<char>>'
c:\users\yosha\documents\dae\z_old\sem2\programming 4\chapter1_-_antlr\antlr4-runtime\src\misc\intervalset.h(32): warning C4251: 'antlr4::misc::IntervalSet::_intervals': class 'std::vector<antlr4::misc::Interval,std::allocator<_Ty>>' needs to have dll-interface to be used by clients of class 'antlr4::misc::IntervalSet'
          with
          [
              _Ty=antlr4::misc::Interval
          ]
  c:\users\yosha\documents\dae\z_old\sem2\programming 4\chapter1_-_antlr\antlr4-runtime\src\misc\intervalset.h(32): note: see declaration of 'std::vector<antlr4::misc::Interval,std::allocator<_Ty>>'
          with
          [
              _Ty=antlr4::misc::Interval
          ]
c:\users\yosha\documents\dae\z_old\sem2\programming 4\chapter1_-_antlr\antlr4-runtime\src\defaulterrorstrategy.h(462): warning C4251: 'antlr4::DefaultErrorStrategy::_errorSymbols': class 'std::vector<std::unique_ptr<antlr4::Token,std::default_delete<_Ty>>,std::allocator<std::unique_ptr<_Ty,std::default_delete<_Ty>>>>' needs to have dll-interface to be used by clients of class 'antlr4::DefaultErrorStrategy'
          with
          [
              _Ty=antlr4::Token
          ]
  c:\users\yosha\documents\dae\z_old\sem2\programming 4\chapter1_-_antlr\antlr4-runtime\src\defaulterrorstrategy.h(462): note: see declaration of 'std::vector<std::unique_ptr<antlr4::Token,std::default_delete<_Ty>>,std::allocator<std::unique_ptr<_Ty,std::default_delete<_Ty>>>>'
          with
          [
              _Ty=antlr4::Token
          ]
c:\users\yosha\documents\dae\z_old\sem2\programming 4\chapter1_-_antlr\antlr4-runtime\src\bufferedtokenstream.h(108): warning C4251: 'antlr4::BufferedTokenStream::_tokens': class 'std::vector<std::unique_ptr<antlr4::Token,std::default_delete<_Ty>>,std::allocator<std::unique_ptr<_Ty,std::default_delete<_Ty>>>>' needs to have dll-interface to be used by clients of class 'antlr4::BufferedTokenStream'
          with
          [
              _Ty=antlr4::Token
          ]
  c:\users\yosha\documents\dae\z_old\sem2\programming 4\chapter1_-_antlr\antlr4-runtime\src\defaulterrorstrategy.h(462): note: see declaration of 'std::vector<std::unique_ptr<antlr4::Token,std::default_delete<_Ty>>,std::allocator<std::unique_ptr<_Ty,std::default_delete<_Ty>>>>'
          with
          [
              _Ty=antlr4::Token
          ]
c:\users\yosha\documents\dae\z_old\sem2\programming 4\chapter1_-_antlr\antlr4-runtime\src\commontoken.h(18): warning C4251: 'antlr4::CommonToken::EMPTY_SOURCE': struct 'std::pair<antlr4::TokenSource *,antlr4::CharStream *>' needs to have dll-interface to be used by clients of class 'antlr4::CommonToken'
  c:\users\yosha\documents\dae\z_old\sem2\programming 4\chapter1_-_antlr\antlr4-runtime\src\commontoken.h(18): note: see declaration of 'std::pair<antlr4::TokenSource *,antlr4::CharStream *>'
c:\users\yosha\documents\dae\z_old\sem2\programming 4\chapter1_-_antlr\antlr4-runtime\src\commontoken.h(53): warning C4251: 'antlr4::CommonToken::_source': struct 'std::pair<antlr4::TokenSource *,antlr4::CharStream *>' needs to have dll-interface to be used by clients of class 'antlr4::CommonToken'
  c:\users\yosha\documents\dae\z_old\sem2\programming 4\chapter1_-_antlr\antlr4-runtime\src\commontoken.h(18): note: see declaration of 'std::pair<antlr4::TokenSource *,antlr4::CharStream *>'
c:\users\yosha\documents\dae\z_old\sem2\programming 4\chapter1_-_antlr\antlr4-runtime\src\commontoken.h(61): warning C4251: 'antlr4::CommonToken::_text': class 'std::basic_string<char,std::char_traits<char>,std::allocator<char>>' needs to have dll-interface to be used by clients of class 'antlr4::CommonToken'
  c:\program files (x86)\microsoft visual studio 14.0\vc\include\xstring(2633): note: see declaration of 'std::basic_string<char,std::char_traits<char>,std::allocator<char>>'
c:\users\yosha\documents\dae\z_old\sem2\programming 4\chapter1_-_antlr\antlr4-runtime\src\commontokenfactory.h(25): warning C4251: 'antlr4::CommonTokenFactory::DEFAULT': class 'std::shared_ptr<antlr4::TokenFactory<antlr4::CommonToken>>' needs to have dll-interface to be used by clients of class 'antlr4::CommonTokenFactory'
  c:\program files (x86)\microsoft visual studio 14.0\vc\include\memory(438): note: see declaration of 'std::shared_ptr<antlr4::TokenFactory<antlr4::CommonToken>>'
c:\users\yosha\documents\dae\z_old\sem2\programming 4\chapter1_-_antlr\antlr4-runtime\src\failedpredicateexception.h(29): warning C4251: 'antlr4::FailedPredicateException::_predicate': class 'std::basic_string<char,std::char_traits<char>,std::allocator<char>>' needs to have dll-interface to be used by clients of class 'antlr4::FailedPredicateException'
  c:\program files (x86)\microsoft visual studio 14.0\vc\include\xstring(2633): note: see declaration of 'std::basic_string<char,std::char_traits<char>,std::allocator<char>>'
c:\users\yosha\documents\dae\z_old\sem2\programming 4\chapter1_-_antlr\antlr4-runtime\src\tree\parsetree.h(35): warning C4251: 'antlr4::tree::ParseTree::children': class 'std::vector<antlr4::tree::ParseTree *,std::allocator<_Ty>>' needs to have dll-interface to be used by clients of class 'antlr4::tree::ParseTree'
          with
          [
              _Ty=antlr4::tree::ParseTree *
          ]
  c:\users\yosha\documents\dae\z_old\sem2\programming 4\chapter1_-_antlr\antlr4-runtime\src\tree\parsetree.h(35): note: see declaration of 'std::vector<antlr4::tree::ParseTree *,std::allocator<_Ty>>'
          with
          [
              _Ty=antlr4::tree::ParseTree *
          ]
c:\users\yosha\documents\dae\z_old\sem2\programming 4\chapter1_-_antlr\antlr4-runtime\src\tree\parsetree.h(94): warning C4251: 'antlr4::tree::ParseTreeTracker::_allocated': class 'std::vector<antlr4::tree::ParseTree *,std::allocator<_Ty>>' needs to have dll-interface to be used by clients of class 'antlr4::tree::ParseTreeTracker'
          with
          [
              _Ty=antlr4::tree::ParseTree *
          ]
  c:\users\yosha\documents\dae\z_old\sem2\programming 4\chapter1_-_antlr\antlr4-runtime\src\tree\parsetree.h(35): note: see declaration of 'std::vector<antlr4::tree::ParseTree *,std::allocator<_Ty>>'
          with
          [
              _Ty=antlr4::tree::ParseTree *
          ]
c:\users\yosha\documents\dae\z_old\sem2\programming 4\chapter1_-_antlr\antlr4-runtime\src\parserrulecontext.h(66): warning C4251: 'antlr4::ParserRuleContext::exception': class 'std::exception_ptr' needs to have dll-interface to be used by clients of class 'antlr4::ParserRuleContext'
  c:\program files (x86)\microsoft visual studio 14.0\vc\include\exception(255): note: see declaration of 'std::exception_ptr'
c:\users\yosha\documents\dae\z_old\sem2\programming 4\chapter1_-_antlr\antlr4-runtime\src\proxyerrorlistener.h(18): warning C4251: 'antlr4::ProxyErrorListener::_delegates': class 'std::set<antlr4::ANTLRErrorListener *,std::less<_Kty>,std::allocator<_Kty>>' needs to have dll-interface to be used by clients of class 'antlr4::ProxyErrorListener'
          with
          [
              _Kty=antlr4::ANTLRErrorListener *
          ]
  c:\users\yosha\documents\dae\z_old\sem2\programming 4\chapter1_-_antlr\antlr4-runtime\src\proxyerrorlistener.h(18): note: see declaration of 'std::set<antlr4::ANTLRErrorListener *,std::less<_Kty>,std::allocator<_Kty>>'
          with
          [
              _Kty=antlr4::ANTLRErrorListener *
          ]
c:\users\yosha\documents\dae\z_old\sem2\programming 4\chapter1_-_antlr\antlr4-runtime\src\recognizer.h(145): warning C4251: 'antlr4::Recognizer::_mutex': class 'std::mutex' needs to have dll-interface to be used by clients of class 'antlr4::Recognizer'
  c:\program files (x86)\microsoft visual studio 14.0\vc\include\mutex(78): note: see declaration of 'std::mutex'
c:\users\yosha\documents\dae\z_old\sem2\programming 4\chapter1_-_antlr\antlr4-runtime\src\recognizer.h(148): warning C4251: 'antlr4::Recognizer::_tokenTypeMapCache': class 'std::map<const antlr4::dfa::Vocabulary *,std::map<std::string,std::size_t,std::less<_Kty>,std::allocator<std::pair<const _Kty,std::_Ty>>>,std::less<const antlr4::dfa::Vocabulary*>,std::allocator<std::pair<const antlr4::dfa::Vocabulary*const ,std::map<_Kty,_Ty,std::less<_Kty>,std::allocator<std::pair<const _Kty,std::_Ty>>>>>>' needs to have dll-interface to be used by clients of class 'antlr4::Recognizer'
          with
          [
              _Kty=std::string,
              _Ty=std::size_t
          ]
  c:\users\yosha\documents\dae\z_old\sem2\programming 4\chapter1_-_antlr\antlr4-runtime\src\recognizer.h(148): note: see declaration of 'std::map<const antlr4::dfa::Vocabulary *,std::map<std::string,std::size_t,std::less<_Kty>,std::allocator<std::pair<const _Kty,std::_Ty>>>,std::less<const antlr4::dfa::Vocabulary*>,std::allocator<std::pair<const antlr4::dfa::Vocabulary*const ,std::map<_Kty,_Ty,std::less<_Kty>,std::allocator<std::pair<const _Kty,std::_Ty>>>>>>'
          with
          [
              _Kty=std::string,
              _Ty=std::size_t
          ]
c:\users\yosha\documents\dae\z_old\sem2\programming 4\chapter1_-_antlr\antlr4-runtime\src\recognizer.h(149): warning C4251: 'antlr4::Recognizer::_ruleIndexMapCache': class 'std::map<std::vector<std::string,std::allocator<_Ty>>,std::map<std::string,std::size_t,std::less<_Ty>,std::allocator<std::pair<const _Kty,unsigned __int64>>>,std::less<std::vector<_Ty,std::allocator<_Ty>>>,std::allocator<std::pair<const std::vector<_Ty,std::allocator<_Ty>>,std::map<_Kty,std::size_t,std::less<_Ty>,std::allocator<std::pair<const _Kty,unsigned __int64>>>>>>' needs to have dll-interface to be used by clients of class 'antlr4::Recognizer'
          with
          [
              _Ty=std::string,
              _Kty=std::string
          ]
  c:\users\yosha\documents\dae\z_old\sem2\programming 4\chapter1_-_antlr\antlr4-runtime\src\recognizer.h(149): note: see declaration of 'std::map<std::vector<std::string,std::allocator<_Ty>>,std::map<std::string,std::size_t,std::less<_Ty>,std::allocator<std::pair<const _Kty,unsigned __int64>>>,std::less<std::vector<_Ty,std::allocator<_Ty>>>,std::allocator<std::pair<const std::vector<_Ty,std::allocator<_Ty>>,std::map<_Kty,std::size_t,std::less<_Ty>,std::allocator<std::pair<const _Kty,unsigned __int64>>>>>>'
          with
          [
              _Ty=std::string,
              _Kty=std::string
          ]
c:\users\yosha\documents\dae\z_old\sem2\programming 4\chapter1_-_antlr\antlr4-runtime\src\lexer.h(34): warning C4251: 'antlr4::Lexer::_factory': class 'std::shared_ptr<antlr4::TokenFactory<antlr4::CommonToken>>' needs to have dll-interface to be used by clients of class 'antlr4::Lexer'
  c:\program files (x86)\microsoft visual studio 14.0\vc\include\memory(438): note: see declaration of 'std::shared_ptr<antlr4::TokenFactory<antlr4::CommonToken>>'
c:\users\yosha\documents\dae\z_old\sem2\programming 4\chapter1_-_antlr\antlr4-runtime\src\lexer.h(48): warning C4251: 'antlr4::Lexer::token': class 'std::unique_ptr<antlr4::Token,std::default_delete<_Ty>>' needs to have dll-interface to be used by clients of class 'antlr4::Lexer'
          with
          [
              _Ty=antlr4::Token
          ]
  c:\users\yosha\documents\dae\z_old\sem2\programming 4\chapter1_-_antlr\antlr4-runtime\src\defaulterrorstrategy.h(462): note: see declaration of 'std::unique_ptr<antlr4::Token,std::default_delete<_Ty>>'
          with
          [
              _Ty=antlr4::Token
          ]
c:\users\yosha\documents\dae\z_old\sem2\programming 4\chapter1_-_antlr\antlr4-runtime\src\lexer.h(75): warning C4251: 'antlr4::Lexer::modeStack': class 'std::vector<std::size_t,std::allocator<std::_Ty>>' needs to have dll-interface to be used by clients of class 'antlr4::Lexer'
          with
          [
              _Ty=std::size_t
          ]
  c:\users\yosha\documents\dae\z_old\sem2\programming 4\chapter1_-_antlr\antlr4-runtime\src\bufferedtokenstream.h(60): note: see declaration of 'std::vector<std::size_t,std::allocator<std::_Ty>>'
          with
          [
              _Ty=std::size_t
          ]
c:\users\yosha\documents\dae\z_old\sem2\programming 4\chapter1_-_antlr\antlr4-runtime\src\lexer.h(187): warning C4251: 'antlr4::Lexer::_text': class 'std::basic_string<char,std::char_traits<char>,std::allocator<char>>' needs to have dll-interface to be used by clients of class 'antlr4::Lexer'
  c:\program files (x86)\microsoft visual studio 14.0\vc\include\xstring(2633): note: see declaration of 'std::basic_string<char,std::char_traits<char>,std::allocator<char>>'
c:\users\yosha\documents\dae\z_old\sem2\programming 4\chapter1_-_antlr\antlr4-runtime\src\atn\atn.h(23): warning C4251: 'antlr4::atn::ATN::states': class 'std::vector<antlr4::atn::ATNState *,std::allocator<_Ty>>' needs to have dll-interface to be used by clients of class 'antlr4::atn::ATN'
          with
          [
              _Ty=antlr4::atn::ATNState *
          ]
  c:\users\yosha\documents\dae\z_old\sem2\programming 4\chapter1_-_antlr\antlr4-runtime\src\atn\atn.h(23): note: see declaration of 'std::vector<antlr4::atn::ATNState *,std::allocator<_Ty>>'
          with
          [
              _Ty=antlr4::atn::ATNState *
          ]
c:\users\yosha\documents\dae\z_old\sem2\programming 4\chapter1_-_antlr\antlr4-runtime\src\atn\atn.h(28): warning C4251: 'antlr4::atn::ATN::decisionToState': class 'std::vector<antlr4::atn::DecisionState *,std::allocator<_Ty>>' needs to have dll-interface to be used by clients of class 'antlr4::atn::ATN'
          with
          [
              _Ty=antlr4::atn::DecisionState *
          ]
  c:\users\yosha\documents\dae\z_old\sem2\programming 4\chapter1_-_antlr\antlr4-runtime\src\atn\atn.h(28): note: see declaration of 'std::vector<antlr4::atn::DecisionState *,std::allocator<_Ty>>'
          with
          [
              _Ty=antlr4::atn::DecisionState *
          ]
c:\users\yosha\documents\dae\z_old\sem2\programming 4\chapter1_-_antlr\antlr4-runtime\src\atn\atn.h(31): warning C4251: 'antlr4::atn::ATN::ruleToStartState': class 'std::vector<antlr4::atn::RuleStartState *,std::allocator<_Ty>>' needs to have dll-interface to be used by clients of class 'antlr4::atn::ATN'
          with
          [
              _Ty=antlr4::atn::RuleStartState *
          ]
  c:\users\yosha\documents\dae\z_old\sem2\programming 4\chapter1_-_antlr\antlr4-runtime\src\atn\atn.h(31): note: see declaration of 'std::vector<antlr4::atn::RuleStartState *,std::allocator<_Ty>>'
          with
          [
              _Ty=antlr4::atn::RuleStartState *
          ]
c:\users\yosha\documents\dae\z_old\sem2\programming 4\chapter1_-_antlr\antlr4-runtime\src\atn\atn.h(34): warning C4251: 'antlr4::atn::ATN::ruleToStopState': class 'std::vector<antlr4::atn::RuleStopState *,std::allocator<_Ty>>' needs to have dll-interface to be used by clients of class 'antlr4::atn::ATN'
          with
          [
              _Ty=antlr4::atn::RuleStopState *
          ]
  c:\users\yosha\documents\dae\z_old\sem2\programming 4\chapter1_-_antlr\antlr4-runtime\src\atn\atn.h(34): note: see declaration of 'std::vector<antlr4::atn::RuleStopState *,std::allocator<_Ty>>'
          with
          [
              _Ty=antlr4::atn::RuleStopState *
          ]
c:\users\yosha\documents\dae\z_old\sem2\programming 4\chapter1_-_antlr\antlr4-runtime\src\atn\atn.h(49): warning C4251: 'antlr4::atn::ATN::ruleToTokenType': class 'std::vector<std::size_t,std::allocator<std::_Ty>>' needs to have dll-interface to be used by clients of class 'antlr4::atn::ATN'
          with
          [
              _Ty=std::size_t
          ]
  c:\users\yosha\documents\dae\z_old\sem2\programming 4\chapter1_-_antlr\antlr4-runtime\src\bufferedtokenstream.h(60): note: see declaration of 'std::vector<std::size_t,std::allocator<std::_Ty>>'
          with
          [
              _Ty=std::size_t
          ]
c:\users\yosha\documents\dae\z_old\sem2\programming 4\chapter1_-_antlr\antlr4-runtime\src\atn\atn.h(53): warning C4251: 'antlr4::atn::ATN::lexerActions': class 'std::vector<std::shared_ptr<antlr4::atn::LexerAction>,std::allocator<_Ty>>' needs to have dll-interface to be used by clients of class 'antlr4::atn::ATN'
          with
          [
              _Ty=std::shared_ptr<antlr4::atn::LexerAction>
          ]
  c:\users\yosha\documents\dae\z_old\sem2\programming 4\chapter1_-_antlr\antlr4-runtime\src\atn\atn.h(53): note: see declaration of 'std::vector<std::shared_ptr<antlr4::atn::LexerAction>,std::allocator<_Ty>>'
          with
          [
              _Ty=std::shared_ptr<antlr4::atn::LexerAction>
          ]
c:\users\yosha\documents\dae\z_old\sem2\programming 4\chapter1_-_antlr\antlr4-runtime\src\atn\atn.h(55): warning C4251: 'antlr4::atn::ATN::modeToStartState': class 'std::vector<antlr4::atn::TokensStartState *,std::allocator<_Ty>>' needs to have dll-interface to be used by clients of class 'antlr4::atn::ATN'
          with
          [
              _Ty=antlr4::atn::TokensStartState *
          ]
  c:\users\yosha\documents\dae\z_old\sem2\programming 4\chapter1_-_antlr\antlr4-runtime\src\atn\atn.h(55): note: see declaration of 'std::vector<antlr4::atn::TokensStartState *,std::allocator<_Ty>>'
          with
          [
              _Ty=antlr4::atn::TokensStartState *
          ]
c:\users\yosha\documents\dae\z_old\sem2\programming 4\chapter1_-_antlr\antlr4-runtime\src\atn\atnstate.h(98): warning C4251: 'antlr4::atn::ATNState::serializationNames': class 'std::vector<std::string,std::allocator<_Ty>>' needs to have dll-interface to be used by clients of class 'antlr4::atn::ATNState'
          with
          [
              _Ty=std::string
          ]
  c:\users\yosha\documents\dae\z_old\sem2\programming 4\chapter1_-_antlr\antlr4-runtime\src\misc\intervalset.h(143): note: see declaration of 'std::vector<std::string,std::allocator<_Ty>>'
          with
          [
              _Ty=std::string
          ]
c:\users\yosha\documents\dae\z_old\sem2\programming 4\chapter1_-_antlr\antlr4-runtime\src\atn\atnstate.h(112): warning C4251: 'antlr4::atn::ATNState::transitions': class 'std::vector<antlr4::atn::Transition *,std::allocator<_Ty>>' needs to have dll-interface to be used by clients of class 'antlr4::atn::ATNState'
          with
          [
              _Ty=antlr4::atn::Transition *
          ]
  c:\users\yosha\documents\dae\z_old\sem2\programming 4\chapter1_-_antlr\antlr4-runtime\src\atn\atnstate.h(112): note: see declaration of 'std::vector<antlr4::atn::Transition *,std::allocator<_Ty>>'
          with
          [
              _Ty=antlr4::atn::Transition *
          ]
c:\users\yosha\documents\dae\z_old\sem2\programming 4\chapter1_-_antlr\antlr4-runtime\src\atn\predictioncontext.h(25): warning C4251: 'antlr4::atn::PredictionContext::EMPTY': class 'std::shared_ptr<antlr4::atn::PredictionContext>' needs to have dll-interface to be used by clients of class 'antlr4::atn::PredictionContext'
  c:\program files (x86)\microsoft visual studio 14.0\vc\include\memory(438): note: see declaration of 'std::shared_ptr<antlr4::atn::PredictionContext>'
c:\users\yosha\documents\dae\z_old\sem2\programming 4\chapter1_-_antlr\antlr4-runtime\src\vocabulary.h(187): warning C4251: 'antlr4::dfa::Vocabulary::_literalNames': class 'std::vector<std::string,std::allocator<_Ty>>' needs to have dll-interface to be used by clients of class 'antlr4::dfa::Vocabulary'
          with
          [
              _Ty=std::string
          ]
  c:\users\yosha\documents\dae\z_old\sem2\programming 4\chapter1_-_antlr\antlr4-runtime\src\misc\intervalset.h(143): note: see declaration of 'std::vector<std::string,std::allocator<_Ty>>'
          with
          [
              _Ty=std::string
          ]
c:\users\yosha\documents\dae\z_old\sem2\programming 4\chapter1_-_antlr\antlr4-runtime\src\vocabulary.h(188): warning C4251: 'antlr4::dfa::Vocabulary::_symbolicNames': class 'std::vector<std::string,std::allocator<_Ty>>' needs to have dll-interface to be used by clients of class 'antlr4::dfa::Vocabulary'
          with
          [
              _Ty=std::string
          ]
  c:\users\yosha\documents\dae\z_old\sem2\programming 4\chapter1_-_antlr\antlr4-runtime\src\misc\intervalset.h(143): note: see declaration of 'std::vector<std::string,std::allocator<_Ty>>'
          with
          [
              _Ty=std::string
          ]
c:\users\yosha\documents\dae\z_old\sem2\programming 4\chapter1_-_antlr\antlr4-runtime\src\vocabulary.h(189): warning C4251: 'antlr4::dfa::Vocabulary::_displayNames': class 'std::vector<std::string,std::allocator<_Ty>>' needs to have dll-interface to be used by clients of class 'antlr4::dfa::Vocabulary'
          with
          [
              _Ty=std::string
          ]
  c:\users\yosha\documents\dae\z_old\sem2\programming 4\chapter1_-_antlr\antlr4-runtime\src\misc\intervalset.h(143): note: see declaration of 'std::vector<std::string,std::allocator<_Ty>>'
          with
          [
              _Ty=std::string
          ]
c:\users\yosha\documents\dae\z_old\sem2\programming 4\chapter1_-_antlr\antlr4-runtime\src\lexerinterpreter.h(35): warning C4251: 'antlr4::LexerInterpreter::_grammarFileName': class 'std::basic_string<char,std::char_traits<char>,std::allocator<char>>' needs to have dll-interface to be used by clients of class 'antlr4::LexerInterpreter'
  c:\program files (x86)\microsoft visual studio 14.0\vc\include\xstring(2633): note: see declaration of 'std::basic_string<char,std::char_traits<char>,std::allocator<char>>'
c:\users\yosha\documents\dae\z_old\sem2\programming 4\chapter1_-_antlr\antlr4-runtime\src\lexerinterpreter.h(39): warning C4251: 'antlr4::LexerInterpreter::_tokenNames': class 'std::vector<std::string,std::allocator<_Ty>>' needs to have dll-interface to be used by clients of class 'antlr4::LexerInterpreter'
          with
          [
              _Ty=std::string
          ]
  c:\users\yosha\documents\dae\z_old\sem2\programming 4\chapter1_-_antlr\antlr4-runtime\src\misc\intervalset.h(143): note: see declaration of 'std::vector<std::string,std::allocator<_Ty>>'
          with
          [
              _Ty=std::string
          ]
c:\users\yosha\documents\dae\z_old\sem2\programming 4\chapter1_-_antlr\antlr4-runtime\src\lexerinterpreter.h(42): warning C4251: 'antlr4::LexerInterpreter::_decisionToDFA': class 'std::vector<antlr4::dfa::DFA,std::allocator<_Ty>>' needs to have dll-interface to be used by clients of class 'antlr4::LexerInterpreter'
          with
          [
              _Ty=antlr4::dfa::DFA
          ]
  c:\users\yosha\documents\dae\z_old\sem2\programming 4\chapter1_-_antlr\antlr4-runtime\src\lexerinterpreter.h(42): note: see declaration of 'std::vector<antlr4::dfa::DFA,std::allocator<_Ty>>'
          with
          [
              _Ty=antlr4::dfa::DFA
          ]
c:\users\yosha\documents\dae\z_old\sem2\programming 4\chapter1_-_antlr\antlr4-runtime\src\lexerinterpreter.h(44): warning C4251: 'antlr4::LexerInterpreter::_sharedContextCache': class 'std::unordered_set<std::shared_ptr<antlr4::atn::PredictionContext>,antlr4::atn::PredictionContextHasher,antlr4::atn::PredictionContextComparer,std::allocator<_Kty>>' needs to have dll-interface to be used by clients of class 'antlr4::LexerInterpreter'
          with
          [
              _Kty=std::shared_ptr<antlr4::atn::PredictionContext>
          ]
  c:\users\yosha\documents\dae\z_old\sem2\programming 4\chapter1_-_antlr\antlr4-runtime\src\atn\predictioncontext.h(18): note: see declaration of 'std::unordered_set<std::shared_ptr<antlr4::atn::PredictionContext>,antlr4::atn::PredictionContextHasher,antlr4::atn::PredictionContextComparer,std::allocator<_Kty>>'
          with
          [
              _Kty=std::shared_ptr<antlr4::atn::PredictionContext>
          ]
c:\users\yosha\documents\dae\z_old\sem2\programming 4\chapter1_-_antlr\antlr4-runtime\src\atn\atnconfigset.h(19): warning C4251: 'antlr4::atn::ATNConfigSet::configs': class 'std::vector<std::shared_ptr<antlr4::atn::ATNConfig>,std::allocator<_Ty>>' needs to have dll-interface to be used by clients of class 'antlr4::atn::ATNConfigSet'
          with
          [
              _Ty=std::shared_ptr<antlr4::atn::ATNConfig>
          ]
  c:\users\yosha\documents\dae\z_old\sem2\programming 4\chapter1_-_antlr\antlr4-runtime\src\atn\atnconfigset.h(19): note: see declaration of 'std::vector<std::shared_ptr<antlr4::atn::ATNConfig>,std::allocator<_Ty>>'
          with
          [
              _Ty=std::shared_ptr<antlr4::atn::ATNConfig>
          ]
c:\users\yosha\documents\dae\z_old\sem2\programming 4\chapter1_-_antlr\antlr4-runtime\src\atn\atnconfigset.h(96): warning C4251: 'antlr4::atn::ATNConfigSet::_configLookup': class 'std::unordered_map<std::size_t,antlr4::atn::ATNConfig *,std::hash<unsigned __int64>,std::equal_to<std::_Kty>,std::allocator<std::pair<const std::_Kty,_Ty>>>' needs to have dll-interface to be used by clients of class 'antlr4::atn::ATNConfigSet'
          with
          [
              _Kty=std::size_t,
              _Ty=antlr4::atn::ATNConfig *
          ]
  c:\users\yosha\documents\dae\z_old\sem2\programming 4\chapter1_-_antlr\antlr4-runtime\src\atn\atnconfigset.h(96): note: see declaration of 'std::unordered_map<std::size_t,antlr4::atn::ATNConfig *,std::hash<unsigned __int64>,std::equal_to<std::_Kty>,std::allocator<std::pair<const std::_Kty,_Ty>>>'
          with
          [
              _Kty=std::size_t,
              _Ty=antlr4::atn::ATNConfig *
          ]
c:\users\yosha\documents\dae\z_old\sem2\programming 4\chapter1_-_antlr\antlr4-runtime\src\listtokensource.h(23): warning C4251: 'antlr4::ListTokenSource::tokens': class 'std::vector<std::unique_ptr<antlr4::Token,std::default_delete<_Ty>>,std::allocator<std::unique_ptr<_Ty,std::default_delete<_Ty>>>>' needs to have dll-interface to be used by clients of class 'antlr4::ListTokenSource'
          with
          [
              _Ty=antlr4::Token
          ]
  c:\users\yosha\documents\dae\z_old\sem2\programming 4\chapter1_-_antlr\antlr4-runtime\src\defaulterrorstrategy.h(462): note: see declaration of 'std::vector<std::unique_ptr<antlr4::Token,std::default_delete<_Ty>>,std::allocator<std::unique_ptr<_Ty,std::default_delete<_Ty>>>>'
          with
          [
              _Ty=antlr4::Token
          ]
c:\users\yosha\documents\dae\z_old\sem2\programming 4\chapter1_-_antlr\antlr4-runtime\src\listtokensource.h(32): warning C4251: 'antlr4::ListTokenSource::sourceName': class 'std::basic_string<char,std::char_traits<char>,std::allocator<char>>' needs to have dll-interface to be used by clients of class 'antlr4::ListTokenSource'
  c:\program files (x86)\microsoft visual studio 14.0\vc\include\xstring(2633): note: see declaration of 'std::basic_string<char,std::char_traits<char>,std::allocator<char>>'
c:\users\yosha\documents\dae\z_old\sem2\programming 4\chapter1_-_antlr\antlr4-runtime\src\listtokensource.h(43): warning C4251: 'antlr4::ListTokenSource::_factory': class 'std::shared_ptr<antlr4::TokenFactory<antlr4::CommonToken>>' needs to have dll-interface to be used by clients of class 'antlr4::ListTokenSource'
  c:\program files (x86)\microsoft visual studio 14.0\vc\include\memory(438): note: see declaration of 'std::shared_ptr<antlr4::TokenFactory<antlr4::CommonToken>>'
c:\users\yosha\documents\dae\z_old\sem2\programming 4\chapter1_-_antlr\antlr4-runtime\src\parser.h(387): warning C4251: 'antlr4::Parser::_errHandler': class 'std::shared_ptr<antlr4::ANTLRErrorStrategy>' needs to have dll-interface to be used by clients of class 'antlr4::Parser'
  c:\program files (x86)\microsoft visual studio 14.0\vc\include\memory(438): note: see declaration of 'std::shared_ptr<antlr4::ANTLRErrorStrategy>'
c:\users\yosha\documents\dae\z_old\sem2\programming 4\chapter1_-_antlr\antlr4-runtime\src\parser.h(396): warning C4251: 'antlr4::Parser::_precedenceStack': class 'std::vector<int,std::allocator<_Elem>>' needs to have dll-interface to be used by clients of class 'antlr4::Parser'
          with
          [
              _Elem=int
          ]
  c:\users\yosha\documents\dae\z_old\sem2\programming 4\chapter1_-_antlr\antlr4-runtime\src\parser.h(396): note: see declaration of 'std::vector<int,std::allocator<_Elem>>'
          with
          [
              _Elem=int
          ]
c:\users\yosha\documents\dae\z_old\sem2\programming 4\chapter1_-_antlr\antlr4-runtime\src\parser.h(409): warning C4251: 'antlr4::Parser::_parseListeners': class 'std::vector<antlr4::tree::ParseTreeListener *,std::allocator<_Ty>>' needs to have dll-interface to be used by clients of class 'antlr4::Parser'
          with
          [
              _Ty=antlr4::tree::ParseTreeListener *
          ]
  c:\users\yosha\documents\dae\z_old\sem2\programming 4\chapter1_-_antlr\antlr4-runtime\src\parser.h(127): note: see declaration of 'std::vector<antlr4::tree::ParseTreeListener *,std::allocator<_Ty>>'
          with
          [
              _Ty=antlr4::tree::ParseTreeListener *
          ]
c:\users\yosha\documents\dae\z_old\sem2\programming 4\chapter1_-_antlr\antlr4-runtime\src\parser.h(430): warning C4251: 'antlr4::Parser::bypassAltsAtnCache': class 'std::map<std::vector<uint16_t,std::allocator<_Ty>>,antlr4::atn::ATN,std::less<_Kty>,std::allocator<std::pair<const _Kty,antlr4::atn::ATN>>>' needs to have dll-interface to be used by clients of class 'antlr4::Parser'
          with
          [
              _Ty=uint16_t,
              _Kty=std::vector<uint16_t,std::allocator<uint16_t>>
          ]
  c:\users\yosha\documents\dae\z_old\sem2\programming 4\chapter1_-_antlr\antlr4-runtime\src\parser.h(430): note: see declaration of 'std::map<std::vector<uint16_t,std::allocator<_Ty>>,antlr4::atn::ATN,std::less<_Kty>,std::allocator<std::pair<const _Kty,antlr4::atn::ATN>>>'
          with
          [
              _Ty=uint16_t,
              _Kty=std::vector<uint16_t,std::allocator<uint16_t>>
          ]
c:\users\yosha\documents\dae\z_old\sem2\programming 4\chapter1_-_antlr\antlr4-runtime\src\parserinterpreter.h(112): warning C4251: 'antlr4::ParserInterpreter::_grammarFileName': class 'std::basic_string<char,std::char_traits<char>,std::allocator<char>>' needs to have dll-interface to be used by clients of class 'antlr4::ParserInterpreter'
  c:\program files (x86)\microsoft visual studio 14.0\vc\include\xstring(2633): note: see declaration of 'std::basic_string<char,std::char_traits<char>,std::allocator<char>>'
c:\users\yosha\documents\dae\z_old\sem2\programming 4\chapter1_-_antlr\antlr4-runtime\src\parserinterpreter.h(113): warning C4251: 'antlr4::ParserInterpreter::_tokenNames': class 'std::vector<std::string,std::allocator<_Ty>>' needs to have dll-interface to be used by clients of class 'antlr4::ParserInterpreter'
          with
          [
              _Ty=std::string
          ]
  c:\users\yosha\documents\dae\z_old\sem2\programming 4\chapter1_-_antlr\antlr4-runtime\src\misc\intervalset.h(143): note: see declaration of 'std::vector<std::string,std::allocator<_Ty>>'
          with
          [
              _Ty=std::string
          ]
c:\users\yosha\documents\dae\z_old\sem2\programming 4\chapter1_-_antlr\antlr4-runtime\src\parserinterpreter.h(116): warning C4251: 'antlr4::ParserInterpreter::_ruleNames': class 'std::vector<std::string,std::allocator<_Ty>>' needs to have dll-interface to be used by clients of class 'antlr4::ParserInterpreter'
          with
          [
              _Ty=std::string
          ]
  c:\users\yosha\documents\dae\z_old\sem2\programming 4\chapter1_-_antlr\antlr4-runtime\src\misc\intervalset.h(143): note: see declaration of 'std::vector<std::string,std::allocator<_Ty>>'
          with
          [
              _Ty=std::string
          ]
c:\users\yosha\documents\dae\z_old\sem2\programming 4\chapter1_-_antlr\antlr4-runtime\src\parserinterpreter.h(118): warning C4251: 'antlr4::ParserInterpreter::_decisionToDFA': class 'std::vector<antlr4::dfa::DFA,std::allocator<_Ty>>' needs to have dll-interface to be used by clients of class 'antlr4::ParserInterpreter'
          with
          [
              _Ty=antlr4::dfa::DFA
          ]
  c:\users\yosha\documents\dae\z_old\sem2\programming 4\chapter1_-_antlr\antlr4-runtime\src\lexerinterpreter.h(42): note: see declaration of 'std::vector<antlr4::dfa::DFA,std::allocator<_Ty>>'
          with
          [
              _Ty=antlr4::dfa::DFA
          ]
c:\users\yosha\documents\dae\z_old\sem2\programming 4\chapter1_-_antlr\antlr4-runtime\src\parserinterpreter.h(119): warning C4251: 'antlr4::ParserInterpreter::_sharedContextCache': class 'std::unordered_set<std::shared_ptr<antlr4::atn::PredictionContext>,antlr4::atn::PredictionContextHasher,antlr4::atn::PredictionContextComparer,std::allocator<_Kty>>' needs to have dll-interface to be used by clients of class 'antlr4::ParserInterpreter'
          with
          [
              _Kty=std::shared_ptr<antlr4::atn::PredictionContext>
          ]
  c:\users\yosha\documents\dae\z_old\sem2\programming 4\chapter1_-_antlr\antlr4-runtime\src\atn\predictioncontext.h(18): note: see declaration of 'std::unordered_set<std::shared_ptr<antlr4::atn::PredictionContext>,antlr4::atn::PredictionContextHasher,antlr4::atn::PredictionContextComparer,std::allocator<_Kty>>'
          with
          [
              _Kty=std::shared_ptr<antlr4::atn::PredictionContext>
          ]
c:\users\yosha\documents\dae\z_old\sem2\programming 4\chapter1_-_antlr\antlr4-runtime\src\parserinterpreter.h(134): warning C4251: 'antlr4::ParserInterpreter::_parentContextStack': class 'std::stack<std::pair<antlr4::ParserRuleContext *,std::size_t>,std::deque<_Ty,std::allocator<_Ty>>>' needs to have dll-interface to be used by clients of class 'antlr4::ParserInterpreter'
          with
          [
              _Ty=std::pair<antlr4::ParserRuleContext *,std::size_t>
          ]
  c:\users\yosha\documents\dae\z_old\sem2\programming 4\chapter1_-_antlr\antlr4-runtime\src\parserinterpreter.h(134): note: see declaration of 'std::stack<std::pair<antlr4::ParserRuleContext *,std::size_t>,std::deque<_Ty,std::allocator<_Ty>>>'
          with
          [
              _Ty=std::pair<antlr4::ParserRuleContext *,std::size_t>
          ]
c:\users\yosha\documents\dae\z_old\sem2\programming 4\chapter1_-_antlr\antlr4-runtime\src\parserinterpreter.h(148): warning C4251: 'antlr4::ParserInterpreter::_overrideDecisionRoot': class 'std::shared_ptr<antlr4::InterpreterRuleContext>' needs to have dll-interface to be used by clients of class 'antlr4::ParserInterpreter'
  c:\program files (x86)\microsoft visual studio 14.0\vc\include\memory(438): note: see declaration of 'std::shared_ptr<antlr4::InterpreterRuleContext>'
c:\users\yosha\documents\dae\z_old\sem2\programming 4\chapter1_-_antlr\antlr4-runtime\src\parserinterpreter.h(176): warning C4251: 'antlr4::ParserInterpreter::_errorToken': class 'std::unique_ptr<antlr4::Token,std::default_delete<_Ty>>' needs to have dll-interface to be used by clients of class 'antlr4::ParserInterpreter'
          with
          [
              _Ty=antlr4::Token
          ]
  c:\users\yosha\documents\dae\z_old\sem2\programming 4\chapter1_-_antlr\antlr4-runtime\src\defaulterrorstrategy.h(462): note: see declaration of 'std::unique_ptr<antlr4::Token,std::default_delete<_Ty>>'
          with
          [
              _Ty=antlr4::Token
          ]
c:\users\yosha\documents\dae\z_old\sem2\programming 4\chapter1_-_antlr\antlr4-runtime\src\runtimemetadata.h(72): warning C4251: 'antlr4::RuntimeMetaData::VERSION': class 'std::basic_string<char,std::char_traits<char>,std::allocator<char>>' needs to have dll-interface to be used by clients of class 'antlr4::RuntimeMetaData'
  c:\program files (x86)\microsoft visual studio 14.0\vc\include\xstring(2633): note: see declaration of 'std::basic_string<char,std::char_traits<char>,std::allocator<char>>'
c:\users\yosha\documents\dae\z_old\sem2\programming 4\chapter1_-_antlr\antlr4-runtime\src\tokenstreamrewriter.h(88): warning C4251: 'antlr4::TokenStreamRewriter::DEFAULT_PROGRAM_NAME': class 'std::basic_string<char,std::char_traits<char>,std::allocator<char>>' needs to have dll-interface to be used by clients of class 'antlr4::TokenStreamRewriter'
  c:\program files (x86)\microsoft visual studio 14.0\vc\include\xstring(2633): note: see declaration of 'std::basic_string<char,std::char_traits<char>,std::allocator<char>>'
c:\users\yosha\documents\dae\z_old\sem2\programming 4\chapter1_-_antlr\antlr4-runtime\src\tokenstreamrewriter.h(211): warning C4251: 'antlr4::TokenStreamRewriter::_programs': class 'std::map<std::string,std::vector<antlr4::TokenStreamRewriter::RewriteOperation *,std::allocator<_Ty>>,std::less<_Kty>,std::allocator<std::pair<const _Kty,std::vector<_Ty,std::allocator<_Ty>>>>>' needs to have dll-interface to be used by clients of class 'antlr4::TokenStreamRewriter'
          with
          [
              _Ty=antlr4::TokenStreamRewriter::RewriteOperation *,
              _Kty=std::string
          ]
  c:\users\yosha\documents\dae\z_old\sem2\programming 4\chapter1_-_antlr\antlr4-runtime\src\tokenstreamrewriter.h(211): note: see declaration of 'std::map<std::string,std::vector<antlr4::TokenStreamRewriter::RewriteOperation *,std::allocator<_Ty>>,std::less<_Kty>,std::allocator<std::pair<const _Kty,std::vector<_Ty,std::allocator<_Ty>>>>>'
          with
          [
              _Ty=antlr4::TokenStreamRewriter::RewriteOperation *,
              _Kty=std::string
          ]
c:\users\yosha\documents\dae\z_old\sem2\programming 4\chapter1_-_antlr\antlr4-runtime\src\tokenstreamrewriter.h(215): warning C4251: 'antlr4::TokenStreamRewriter::_lastRewriteTokenIndexes': class 'std::map<std::string,std::size_t,std::less<_Kty>,std::allocator<std::pair<const _Kty,std::_Ty>>>' needs to have dll-interface to be used by clients of class 'antlr4::TokenStreamRewriter'
          with
          [
              _Kty=std::string,
              _Ty=std::size_t
          ]
  c:\users\yosha\documents\dae\z_old\sem2\programming 4\chapter1_-_antlr\antlr4-runtime\src\support\cpputils.h(13): note: see declaration of 'std::map<std::string,std::size_t,std::less<_Kty>,std::allocator<std::pair<const _Kty,std::_Ty>>>'
          with
          [
              _Kty=std::string,
              _Ty=std::size_t
          ]
c:\users\yosha\documents\dae\z_old\sem2\programming 4\chapter1_-_antlr\antlr4-runtime\src\unbufferedcharstream.h(19): warning C4251: 'antlr4::UnbufferedCharStream::name': class 'std::basic_string<char,std::char_traits<char>,std::allocator<char>>' needs to have dll-interface to be used by clients of class 'antlr4::UnbufferedCharStream'
  c:\program files (x86)\microsoft visual studio 14.0\vc\include\xstring(2633): note: see declaration of 'std::basic_string<char,std::char_traits<char>,std::allocator<char>>'
c:\users\yosha\documents\dae\z_old\sem2\programming 4\chapter1_-_antlr\antlr4-runtime\src\unbufferedcharstream.h(56): warning C4251: 'antlr4::UnbufferedCharStream::_data': class 'std::basic_string<int,std::char_traits<_Elem>,std::allocator<_Elem>>' needs to have dll-interface to be used by clients of class 'antlr4::UnbufferedCharStream'
          with
          [
              _Elem=int
          ]
  c:\users\yosha\documents\dae\z_old\sem2\programming 4\chapter1_-_antlr\antlr4-runtime\src\antlr4-common.h(59): note: see declaration of 'std::basic_string<int,std::char_traits<_Elem>,std::allocator<_Elem>>'
          with
          [
              _Elem=int
          ]
c:\users\yosha\documents\dae\z_old\sem2\programming 4\chapter1_-_antlr\antlr4-runtime\src\unbufferedtokenstream.h(60): warning C4251: 'antlr4::UnbufferedTokenStream::_tokens': class 'std::vector<std::unique_ptr<antlr4::Token,std::default_delete<_Ty>>,std::allocator<std::unique_ptr<_Ty,std::default_delete<_Ty>>>>' needs to have dll-interface to be used by clients of class 'antlr4::UnbufferedTokenStream'
          with
          [
              _Ty=antlr4::Token
          ]
  c:\users\yosha\documents\dae\z_old\sem2\programming 4\chapter1_-_antlr\antlr4-runtime\src\defaulterrorstrategy.h(462): note: see declaration of 'std::vector<std::unique_ptr<antlr4::Token,std::default_delete<_Ty>>,std::allocator<std::unique_ptr<_Ty,std::default_delete<_Ty>>>>'
          with
          [
              _Ty=antlr4::Token
          ]
c:\users\yosha\documents\dae\z_old\sem2\programming 4\chapter1_-_antlr\antlr4-runtime\src\atn\atnconfig.h(48): warning C4251: 'antlr4::atn::ATNConfig::context': class 'std::shared_ptr<antlr4::atn::PredictionContext>' needs to have dll-interface to be used by clients of class 'antlr4::atn::ATNConfig'
  c:\program files (x86)\microsoft visual studio 14.0\vc\include\memory(438): note: see declaration of 'std::shared_ptr<antlr4::atn::PredictionContext>'
c:\users\yosha\documents\dae\z_old\sem2\programming 4\chapter1_-_antlr\antlr4-runtime\src\atn\atnconfig.h(76): warning C4251: 'antlr4::atn::ATNConfig::semanticContext': class 'std::shared_ptr<antlr4::atn::SemanticContext>' needs to have dll-interface to be used by clients of class 'antlr4::atn::ATNConfig'
  c:\program files (x86)\microsoft visual studio 14.0\vc\include\memory(438): note: see declaration of 'std::shared_ptr<antlr4::atn::SemanticContext>'
c:\users\yosha\documents\dae\z_old\sem2\programming 4\chapter1_-_antlr\antlr4-runtime\src\atn\atnserializer.h(55): warning C4251: 'antlr4::atn::ATNSerializer::_tokenNames': class 'std::vector<std::string,std::allocator<_Ty>>' needs to have dll-interface to be used by clients of class 'antlr4::atn::ATNSerializer'
          with
          [
              _Ty=std::string
          ]
  c:\users\yosha\documents\dae\z_old\sem2\programming 4\chapter1_-_antlr\antlr4-runtime\src\misc\intervalset.h(143): note: see declaration of 'std::vector<std::string,std::allocator<_Ty>>'
          with
          [
              _Ty=std::string
          ]
c:\users\yosha\documents\dae\z_old\sem2\programming 4\chapter1_-_antlr\antlr4-runtime\src\atn\atnsimulator.h(19): warning C4251: 'antlr4::atn::ATNSimulator::ERROR': class 'std::shared_ptr<antlr4::dfa::DFAState>' needs to have dll-interface to be used by clients of class 'antlr4::atn::ATNSimulator'
  c:\program files (x86)\microsoft visual studio 14.0\vc\include\memory(438): note: see declaration of 'std::shared_ptr<antlr4::dfa::DFAState>'
c:\users\yosha\documents\dae\z_old\sem2\programming 4\chapter1_-_antlr\antlr4-runtime\src\atn\atnsimulator.h(59): warning C4251: 'antlr4::atn::ATNSimulator::_stateLock': class 'antlrcpp::SingleWriteMultipleReadLock' needs to have dll-interface to be used by clients of class 'antlr4::atn::ATNSimulator'
  c:\users\yosha\documents\dae\z_old\sem2\programming 4\chapter1_-_antlr\antlr4-runtime\src\support\cpputils.h(62): note: see declaration of 'antlrcpp::SingleWriteMultipleReadLock'
c:\users\yosha\documents\dae\z_old\sem2\programming 4\chapter1_-_antlr\antlr4-runtime\src\atn\atnsimulator.h(60): warning C4251: 'antlr4::atn::ATNSimulator::_edgeLock': class 'antlrcpp::SingleWriteMultipleReadLock' needs to have dll-interface to be used by clients of class 'antlr4::atn::ATNSimulator'
  c:\users\yosha\documents\dae\z_old\sem2\programming 4\chapter1_-_antlr\antlr4-runtime\src\support\cpputils.h(62): note: see declaration of 'antlrcpp::SingleWriteMultipleReadLock'
c:\users\yosha\documents\dae\z_old\sem2\programming 4\chapter1_-_antlr\antlr4-runtime\src\atn\transition.h(42): warning C4251: 'antlr4::atn::Transition::serializationNames': class 'std::vector<std::string,std::allocator<_Ty>>' needs to have dll-interface to be used by clients of class 'antlr4::atn::Transition'
          with
          [
              _Ty=std::string
          ]
  c:\users\yosha\documents\dae\z_old\sem2\programming 4\chapter1_-_antlr\antlr4-runtime\src\misc\intervalset.h(143): note: see declaration of 'std::vector<std::string,std::allocator<_Ty>>'
          with
          [
              _Ty=std::string
          ]
c:\users\yosha\documents\dae\z_old\sem2\programming 4\chapter1_-_antlr\antlr4-runtime\src\atn\arraypredictioncontext.h(23): warning C4251: 'antlr4::atn::ArrayPredictionContext::parents': class 'std::vector<std::shared_ptr<antlr4::atn::PredictionContext>,std::allocator<_Kty>>' needs to have dll-interface to be used by clients of class 'antlr4::atn::ArrayPredictionContext'
          with
          [
              _Kty=std::shared_ptr<antlr4::atn::PredictionContext>
          ]
  c:\users\yosha\documents\dae\z_old\sem2\programming 4\chapter1_-_antlr\antlr4-runtime\src\atn\predictioncontext.h(210): note: see declaration of 'std::vector<std::shared_ptr<antlr4::atn::PredictionContext>,std::allocator<_Kty>>'
          with
          [
              _Kty=std::shared_ptr<antlr4::atn::PredictionContext>
          ]
c:\users\yosha\documents\dae\z_old\sem2\programming 4\chapter1_-_antlr\antlr4-runtime\src\atn\arraypredictioncontext.h(26): warning C4251: 'antlr4::atn::ArrayPredictionContext::returnStates': class 'std::vector<std::size_t,std::allocator<std::_Ty>>' needs to have dll-interface to be used by clients of class 'antlr4::atn::ArrayPredictionContext'
          with
          [
              _Ty=std::size_t
          ]
  c:\users\yosha\documents\dae\z_old\sem2\programming 4\chapter1_-_antlr\antlr4-runtime\src\bufferedtokenstream.h(60): note: see declaration of 'std::vector<std::size_t,std::allocator<std::_Ty>>'
          with
          [
              _Ty=std::size_t
          ]
c:\users\yosha\documents\dae\z_old\sem2\programming 4\chapter1_-_antlr\antlr4-runtime\src\atn\predicateevalinfo.h(23): warning C4251: 'antlr4::atn::PredicateEvalInfo::semctx': class 'std::shared_ptr<antlr4::atn::SemanticContext>' needs to have dll-interface to be used by clients of class 'antlr4::atn::PredicateEvalInfo'
  c:\program files (x86)\microsoft visual studio 14.0\vc\include\memory(438): note: see declaration of 'std::shared_ptr<antlr4::atn::SemanticContext>'
c:\users\yosha\documents\dae\z_old\sem2\programming 4\chapter1_-_antlr\antlr4-runtime\src\atn\decisioninfo.h(84): warning C4251: 'antlr4::atn::DecisionInfo::SLL_MaxLookEvent': class 'std::shared_ptr<antlr4::atn::LookaheadEventInfo>' needs to have dll-interface to be used by clients of class 'antlr4::atn::DecisionInfo'
  c:\program files (x86)\microsoft visual studio 14.0\vc\include\memory(438): note: see declaration of 'std::shared_ptr<antlr4::atn::LookaheadEventInfo>'
c:\users\yosha\documents\dae\z_old\sem2\programming 4\chapter1_-_antlr\antlr4-runtime\src\atn\decisioninfo.h(115): warning C4251: 'antlr4::atn::DecisionInfo::LL_MaxLookEvent': class 'std::shared_ptr<antlr4::atn::LookaheadEventInfo>' needs to have dll-interface to be used by clients of class 'antlr4::atn::DecisionInfo'
  c:\program files (x86)\microsoft visual studio 14.0\vc\include\memory(438): note: see declaration of 'std::shared_ptr<antlr4::atn::LookaheadEventInfo>'
c:\users\yosha\documents\dae\z_old\sem2\programming 4\chapter1_-_antlr\antlr4-runtime\src\atn\decisioninfo.h(122): warning C4251: 'antlr4::atn::DecisionInfo::contextSensitivities': class 'std::vector<antlr4::atn::ContextSensitivityInfo,std::allocator<_Ty>>' needs to have dll-interface to be used by clients of class 'antlr4::atn::DecisionInfo'
          with
          [
              _Ty=antlr4::atn::ContextSensitivityInfo
          ]
  c:\users\yosha\documents\dae\z_old\sem2\programming 4\chapter1_-_antlr\antlr4-runtime\src\atn\decisioninfo.h(122): note: see declaration of 'std::vector<antlr4::atn::ContextSensitivityInfo,std::allocator<_Ty>>'
          with
          [
              _Ty=antlr4::atn::ContextSensitivityInfo
          ]
c:\users\yosha\documents\dae\z_old\sem2\programming 4\chapter1_-_antlr\antlr4-runtime\src\atn\decisioninfo.h(130): warning C4251: 'antlr4::atn::DecisionInfo::errors': class 'std::vector<antlr4::atn::ErrorInfo,std::allocator<_Ty>>' needs to have dll-interface to be used by clients of class 'antlr4::atn::DecisionInfo'
          with
          [
              _Ty=antlr4::atn::ErrorInfo
          ]
  c:\users\yosha\documents\dae\z_old\sem2\programming 4\chapter1_-_antlr\antlr4-runtime\src\atn\decisioninfo.h(130): note: see declaration of 'std::vector<antlr4::atn::ErrorInfo,std::allocator<_Ty>>'
          with
          [
              _Ty=antlr4::atn::ErrorInfo
          ]
c:\users\yosha\documents\dae\z_old\sem2\programming 4\chapter1_-_antlr\antlr4-runtime\src\atn\decisioninfo.h(137): warning C4251: 'antlr4::atn::DecisionInfo::ambiguities': class 'std::vector<antlr4::atn::AmbiguityInfo,std::allocator<_Ty>>' needs to have dll-interface to be used by clients of class 'antlr4::atn::DecisionInfo'
          with
          [
              _Ty=antlr4::atn::AmbiguityInfo
          ]
  c:\users\yosha\documents\dae\z_old\sem2\programming 4\chapter1_-_antlr\antlr4-runtime\src\atn\decisioninfo.h(137): note: see declaration of 'std::vector<antlr4::atn::AmbiguityInfo,std::allocator<_Ty>>'
          with
          [
              _Ty=antlr4::atn::AmbiguityInfo
          ]
c:\users\yosha\documents\dae\z_old\sem2\programming 4\chapter1_-_antlr\antlr4-runtime\src\atn\decisioninfo.h(145): warning C4251: 'antlr4::atn::DecisionInfo::predicateEvals': class 'std::vector<antlr4::atn::PredicateEvalInfo,std::allocator<_Ty>>' needs to have dll-interface to be used by clients of class 'antlr4::atn::DecisionInfo'
          with
          [
              _Ty=antlr4::atn::PredicateEvalInfo
          ]
  c:\users\yosha\documents\dae\z_old\sem2\programming 4\chapter1_-_antlr\antlr4-runtime\src\atn\decisioninfo.h(145): note: see declaration of 'std::vector<antlr4::atn::PredicateEvalInfo,std::allocator<_Ty>>'
          with
          [
              _Ty=antlr4::atn::PredicateEvalInfo
          ]
c:\users\yosha\documents\dae\z_old\sem2\programming 4\chapter1_-_antlr\antlr4-runtime\src\atn\singletonpredictioncontext.h(20): warning C4251: 'antlr4::atn::SingletonPredictionContext::parent': class 'std::shared_ptr<antlr4::atn::PredictionContext>' needs to have dll-interface to be used by clients of class 'antlr4::atn::SingletonPredictionContext'
  c:\program files (x86)\microsoft visual studio 14.0\vc\include\memory(438): note: see declaration of 'std::shared_ptr<antlr4::atn::PredictionContext>'
c:\users\yosha\documents\dae\z_old\sem2\programming 4\chapter1_-_antlr\antlr4-runtime\src\atn\lexeratnconfig.h(37): warning C4251: 'antlr4::atn::LexerATNConfig::_lexerActionExecutor': class 'std::shared_ptr<antlr4::atn::LexerActionExecutor>' needs to have dll-interface to be used by clients of class 'antlr4::atn::LexerATNConfig'
  c:\program files (x86)\microsoft visual studio 14.0\vc\include\memory(438): note: see declaration of 'std::shared_ptr<antlr4::atn::LexerActionExecutor>'
c:\users\yosha\documents\dae\z_old\sem2\programming 4\chapter1_-_antlr\antlr4-runtime\src\atn\lexeratnsimulator.h(82): warning C4251: 'antlr4::atn::LexerATNSimulator::_prevAccept': class 'antlr4::atn::LexerATNSimulator::SimState' needs to have dll-interface to be used by clients of class 'antlr4::atn::LexerATNSimulator'
  c:\users\yosha\documents\dae\z_old\sem2\programming 4\chapter1_-_antlr\antlr4-runtime\src\atn\lexeratnsimulator.h(18): note: see declaration of 'antlr4::atn::LexerATNSimulator::SimState'
c:\users\yosha\documents\dae\z_old\sem2\programming 4\chapter1_-_antlr\antlr4-runtime\src\atn\lexeractionexecutor.h(20): warning C4251: 'std::enable_shared_from_this<antlr4::atn::LexerActionExecutor>::_Wptr': class 'std::weak_ptr<_Ty>' needs to have dll-interface to be used by clients of class 'std::enable_shared_from_this<antlr4::atn::LexerActionExecutor>'
          with
          [
              _Ty=antlr4::atn::LexerActionExecutor
          ]
  c:\program files (x86)\microsoft visual studio 14.0\vc\include\memory(1161): note: see declaration of 'std::weak_ptr<_Ty>'
          with
          [
              _Ty=antlr4::atn::LexerActionExecutor
          ]
c:\users\yosha\documents\dae\z_old\sem2\programming 4\chapter1_-_antlr\antlr4-runtime\src\atn\lexeractionexecutor.h(105): warning C4251: 'antlr4::atn::LexerActionExecutor::_lexerActions': class 'std::vector<std::shared_ptr<antlr4::atn::LexerAction>,std::allocator<_Ty>>' needs to have dll-interface to be used by clients of class 'antlr4::atn::LexerActionExecutor'
          with
          [
              _Ty=std::shared_ptr<antlr4::atn::LexerAction>
          ]
  c:\users\yosha\documents\dae\z_old\sem2\programming 4\chapter1_-_antlr\antlr4-runtime\src\atn\atn.h(53): note: see declaration of 'std::vector<std::shared_ptr<antlr4::atn::LexerAction>,std::allocator<_Ty>>'
          with
          [
              _Ty=std::shared_ptr<antlr4::atn::LexerAction>
          ]
c:\users\yosha\documents\dae\z_old\sem2\programming 4\chapter1_-_antlr\antlr4-runtime\src\atn\lexerindexedcustomaction.h(77): warning C4251: 'antlr4::atn::LexerIndexedCustomAction::_action': class 'std::shared_ptr<antlr4::atn::LexerAction>' needs to have dll-interface to be used by clients of class 'antlr4::atn::LexerIndexedCustomAction'
  c:\program files (x86)\microsoft visual studio 14.0\vc\include\memory(438): note: see declaration of 'std::shared_ptr<antlr4::atn::LexerAction>'
c:\users\yosha\documents\dae\z_old\sem2\programming 4\chapter1_-_antlr\antlr4-runtime\src\dfa\dfastate.h(56): warning C4251: 'antlr4::dfa::DFAState::configs': class 'std::unique_ptr<antlr4::atn::ATNConfigSet,std::default_delete<_Ty>>' needs to have dll-interface to be used by clients of class 'antlr4::dfa::DFAState'
          with
          [
              _Ty=antlr4::atn::ATNConfigSet
          ]
  c:\users\yosha\documents\dae\z_old\sem2\programming 4\chapter1_-_antlr\antlr4-runtime\src\atn\lexeratnsimulator.h(140): note: see declaration of 'std::unique_ptr<antlr4::atn::ATNConfigSet,std::default_delete<_Ty>>'
          with
          [
              _Ty=antlr4::atn::ATNConfigSet
          ]
c:\users\yosha\documents\dae\z_old\sem2\programming 4\chapter1_-_antlr\antlr4-runtime\src\dfa\dfastate.h(62): warning C4251: 'antlr4::dfa::DFAState::edges': class 'std::unordered_map<std::size_t,antlr4::dfa::DFAState *,std::hash<unsigned __int64>,std::equal_to<std::_Kty>,std::allocator<std::pair<const std::_Kty,_Ty>>>' needs to have dll-interface to be used by clients of class 'antlr4::dfa::DFAState'
          with
          [
              _Kty=std::size_t,
              _Ty=antlr4::dfa::DFAState *
          ]
  c:\users\yosha\documents\dae\z_old\sem2\programming 4\chapter1_-_antlr\antlr4-runtime\src\dfa\dfastate.h(62): note: see declaration of 'std::unordered_map<std::size_t,antlr4::dfa::DFAState *,std::hash<unsigned __int64>,std::equal_to<std::_Kty>,std::allocator<std::pair<const std::_Kty,_Ty>>>'
          with
          [
              _Kty=std::size_t,
              _Ty=antlr4::dfa::DFAState *
          ]
c:\users\yosha\documents\dae\z_old\sem2\programming 4\chapter1_-_antlr\antlr4-runtime\src\dfa\dfastate.h(71): warning C4251: 'antlr4::dfa::DFAState::lexerActionExecutor': class 'std::shared_ptr<antlr4::atn::LexerActionExecutor>' needs to have dll-interface to be used by clients of class 'antlr4::dfa::DFAState'
  c:\program files (x86)\microsoft visual studio 14.0\vc\include\memory(438): note: see declaration of 'std::shared_ptr<antlr4::atn::LexerActionExecutor>'
c:\users\yosha\documents\dae\z_old\sem2\programming 4\chapter1_-_antlr\antlr4-runtime\src\dfa\dfastate.h(94): warning C4251: 'antlr4::dfa::DFAState::predicates': class 'std::vector<antlr4::dfa::DFAState::PredPrediction *,std::allocator<_Ty>>' needs to have dll-interface to be used by clients of class 'antlr4::dfa::DFAState'
          with
          [
              _Ty=antlr4::dfa::DFAState::PredPrediction *
          ]
  c:\users\yosha\documents\dae\z_old\sem2\programming 4\chapter1_-_antlr\antlr4-runtime\src\dfa\dfastate.h(94): note: see declaration of 'std::vector<antlr4::dfa::DFAState::PredPrediction *,std::allocator<_Ty>>'
          with
          [
              _Ty=antlr4::dfa::DFAState::PredPrediction *
          ]
c:\users\yosha\documents\dae\z_old\sem2\programming 4\chapter1_-_antlr\antlr4-runtime\src\atn\semanticcontext.h(20): warning C4251: 'std::enable_shared_from_this<antlr4::atn::SemanticContext>::_Wptr': class 'std::weak_ptr<_Ty>' needs to have dll-interface to be used by clients of class 'std::enable_shared_from_this<antlr4::atn::SemanticContext>'
          with
          [
              _Ty=antlr4::atn::SemanticContext
          ]
  c:\program files (x86)\microsoft visual studio 14.0\vc\include\memory(1161): note: see declaration of 'std::weak_ptr<_Ty>'
          with
          [
              _Ty=antlr4::atn::SemanticContext
          ]
c:\users\yosha\documents\dae\z_old\sem2\programming 4\chapter1_-_antlr\antlr4-runtime\src\atn\semanticcontext.h(42): warning C4251: 'antlr4::atn::SemanticContext::NONE': class 'std::shared_ptr<antlr4::atn::SemanticContext>' needs to have dll-interface to be used by clients of class 'antlr4::atn::SemanticContext'
  c:\program files (x86)\microsoft visual studio 14.0\vc\include\memory(438): note: see declaration of 'std::shared_ptr<antlr4::atn::SemanticContext>'
c:\users\yosha\documents\dae\z_old\sem2\programming 4\chapter1_-_antlr\antlr4-runtime\src\atn\semanticcontext.h(163): warning C4251: 'antlr4::atn::SemanticContext::AND::opnds': class 'std::vector<std::shared_ptr<antlr4::atn::SemanticContext>,std::allocator<_Ty>>' needs to have dll-interface to be used by clients of class 'antlr4::atn::SemanticContext::AND'
          with
          [
              _Ty=std::shared_ptr<antlr4::atn::SemanticContext>
          ]
  c:\users\yosha\documents\dae\z_old\sem2\programming 4\chapter1_-_antlr\antlr4-runtime\src\atn\atnconfigset.h(74): note: see declaration of 'std::vector<std::shared_ptr<antlr4::atn::SemanticContext>,std::allocator<_Ty>>'
          with
          [
              _Ty=std::shared_ptr<antlr4::atn::SemanticContext>
          ]
c:\users\yosha\documents\dae\z_old\sem2\programming 4\chapter1_-_antlr\antlr4-runtime\src\atn\semanticcontext.h(186): warning C4251: 'antlr4::atn::SemanticContext::OR::opnds': class 'std::vector<std::shared_ptr<antlr4::atn::SemanticContext>,std::allocator<_Ty>>' needs to have dll-interface to be used by clients of class 'antlr4::atn::SemanticContext::OR'
          with
          [
              _Ty=std::shared_ptr<antlr4::atn::SemanticContext>
          ]
  c:\users\yosha\documents\dae\z_old\sem2\programming 4\chapter1_-_antlr\antlr4-runtime\src\atn\atnconfigset.h(74): note: see declaration of 'std::vector<std::shared_ptr<antlr4::atn::SemanticContext>,std::allocator<_Ty>>'
          with
          [
              _Ty=std::shared_ptr<antlr4::atn::SemanticContext>
          ]
c:\users\yosha\documents\dae\z_old\sem2\programming 4\chapter1_-_antlr\antlr4-runtime\src\atn\parseratnsimulator.h(267): warning C4251: 'antlr4::atn::ParserATNSimulator::mergeCache': class 'std::map<std::pair<std::shared_ptr<antlr4::atn::PredictionContext>,std::shared_ptr<antlr4::atn::PredictionContext>>,std::shared_ptr<antlr4::atn::PredictionContext>,std::less<_Kty>,std::allocator<std::pair<const _Kty,_Ty>>>' needs to have dll-interface to be used by clients of class 'antlr4::atn::ParserATNSimulator'
          with
          [
              _Kty=std::pair<std::shared_ptr<antlr4::atn::PredictionContext>,std::shared_ptr<antlr4::atn::PredictionContext>>,
              _Ty=std::shared_ptr<antlr4::atn::PredictionContext>
          ]
  c:\users\yosha\documents\dae\z_old\sem2\programming 4\chapter1_-_antlr\antlr4-runtime\src\atn\predictioncontext.h(19): note: see declaration of 'std::map<std::pair<std::shared_ptr<antlr4::atn::PredictionContext>,std::shared_ptr<antlr4::atn::PredictionContext>>,std::shared_ptr<antlr4::atn::PredictionContext>,std::less<_Kty>,std::allocator<std::pair<const _Kty,_Ty>>>'
          with
          [
              _Kty=std::pair<std::shared_ptr<antlr4::atn::PredictionContext>,std::shared_ptr<antlr4::atn::PredictionContext>>,
              _Ty=std::shared_ptr<antlr4::atn::PredictionContext>
          ]
c:\users\yosha\documents\dae\z_old\sem2\programming 4\chapter1_-_antlr\antlr4-runtime\src\atn\profilingatnsimulator.h(24): warning C4251: 'antlr4::atn::ProfilingATNSimulator::_decisions': class 'std::vector<antlr4::atn::DecisionInfo,std::allocator<_Ty>>' needs to have dll-interface to be used by clients of class 'antlr4::atn::ProfilingATNSimulator'
          with
          [
              _Ty=antlr4::atn::DecisionInfo
          ]
  c:\users\yosha\documents\dae\z_old\sem2\programming 4\chapter1_-_antlr\antlr4-runtime\src\atn\parseinfo.h(28): note: see declaration of 'std::vector<antlr4::atn::DecisionInfo,std::allocator<_Ty>>'
          with
          [
              _Ty=antlr4::atn::DecisionInfo
          ]
c:\users\yosha\documents\dae\z_old\sem2\programming 4\chapter1_-_antlr\antlr4-runtime\src\dfa\dfa.h(24): warning C4251: 'antlr4::dfa::DFA::states': class 'std::unordered_set<antlr4::dfa::DFAState *,antlr4::dfa::DFAState::Hasher,antlr4::dfa::DFAState::Comparer,std::allocator<_Kty>>' needs to have dll-interface to be used by clients of class 'antlr4::dfa::DFA'
          with
          [
              _Kty=antlr4::dfa::DFAState *
          ]
  c:\users\yosha\documents\dae\z_old\sem2\programming 4\chapter1_-_antlr\antlr4-runtime\src\dfa\dfa.h(24): note: see declaration of 'std::unordered_set<antlr4::dfa::DFAState *,antlr4::dfa::DFAState::Hasher,antlr4::dfa::DFAState::Comparer,std::allocator<_Kty>>'
          with
          [
              _Kty=antlr4::dfa::DFAState *
          ]
c:\users\yosha\documents\dae\z_old\sem2\programming 4\chapter1_-_antlr\antlr4-runtime\src\tree\parsetreeproperty.h(47): warning C4251: 'antlr4::tree::ParseTreeProperty<V>::_annotations': class 'std::map<antlr4::tree::ParseTree*,V,std::less<_Kty>,std::allocator<std::pair<const _Kty,V>>>' needs to have dll-interface to be used by clients of class 'antlr4::tree::ParseTreeProperty<V>'
          with
          [
              _Kty=antlr4::tree::ParseTree *
          ]
  c:\users\yosha\documents\dae\z_old\sem2\programming 4\chapter1_-_antlr\antlr4-runtime\src\tree\parsetreeproperty.h(47): note: see declaration of 'std::map<antlr4::tree::ParseTree*,V,std::less<_Kty>,std::allocator<std::pair<const _Kty,V>>>'
          with
          [
              _Kty=antlr4::tree::ParseTree *
          ]
  c:\users\yosha\documents\dae\z_old\sem2\programming 4\chapter1_-_antlr\antlr4-runtime\src\tree\parsetreeproperty.h(53): note: see reference to class template instantiation 'antlr4::tree::ParseTreeProperty<V>' being compiled
c:\users\yosha\documents\dae\z_old\sem2\programming 4\chapter1_-_antlr\antlr4-runtime\src\tree\pattern\parsetreematch.h(24): warning C4251: 'antlr4::tree::pattern::ParseTreeMatch::_labels': class 'std::map<std::string,std::vector<antlr4::tree::ParseTree *,std::allocator<_Ty>>,std::less<_Kty>,std::allocator<std::pair<const _Kty,std::vector<_Ty,std::allocator<_Ty>>>>>' needs to have dll-interface to be used by clients of class 'antlr4::tree::pattern::ParseTreeMatch'
          with
          [
              _Ty=antlr4::tree::ParseTree *,
              _Kty=std::string
          ]
  c:\users\yosha\documents\dae\z_old\sem2\programming 4\chapter1_-_antlr\antlr4-runtime\src\tree\pattern\parsetreematch.h(24): note: see declaration of 'std::map<std::string,std::vector<antlr4::tree::ParseTree *,std::allocator<_Ty>>,std::less<_Kty>,std::allocator<std::pair<const _Kty,std::vector<_Ty,std::allocator<_Ty>>>>>'
          with
          [
              _Ty=antlr4::tree::ParseTree *,
              _Kty=std::string
          ]
c:\users\yosha\documents\dae\z_old\sem2\programming 4\chapter1_-_antlr\antlr4-runtime\src\tree\pattern\parsetreepattern.h(93): warning C4251: 'antlr4::tree::pattern::ParseTreePattern::_pattern': class 'std::basic_string<char,std::char_traits<char>,std::allocator<char>>' needs to have dll-interface to be used by clients of class 'antlr4::tree::pattern::ParseTreePattern'
  c:\program files (x86)\microsoft visual studio 14.0\vc\include\xstring(2633): note: see declaration of 'std::basic_string<char,std::char_traits<char>,std::allocator<char>>'
c:\users\yosha\documents\dae\z_old\sem2\programming 4\chapter1_-_antlr\antlr4-runtime\src\tree\pattern\parsetreepatternmatcher.h(153): warning C4251: 'antlr4::tree::pattern::ParseTreePatternMatcher::_start': class 'std::basic_string<char,std::char_traits<char>,std::allocator<char>>' needs to have dll-interface to be used by clients of class 'antlr4::tree::pattern::ParseTreePatternMatcher'
  c:\program files (x86)\microsoft visual studio 14.0\vc\include\xstring(2633): note: see declaration of 'std::basic_string<char,std::char_traits<char>,std::allocator<char>>'
c:\users\yosha\documents\dae\z_old\sem2\programming 4\chapter1_-_antlr\antlr4-runtime\src\tree\pattern\parsetreepatternmatcher.h(154): warning C4251: 'antlr4::tree::pattern::ParseTreePatternMatcher::_stop': class 'std::basic_string<char,std::char_traits<char>,std::allocator<char>>' needs to have dll-interface to be used by clients of class 'antlr4::tree::pattern::ParseTreePatternMatcher'
  c:\program files (x86)\microsoft visual studio 14.0\vc\include\xstring(2633): note: see declaration of 'std::basic_string<char,std::char_traits<char>,std::allocator<char>>'
c:\users\yosha\documents\dae\z_old\sem2\programming 4\chapter1_-_antlr\antlr4-runtime\src\tree\pattern\parsetreepatternmatcher.h(155): warning C4251: 'antlr4::tree::pattern::ParseTreePatternMatcher::_escape': class 'std::basic_string<char,std::char_traits<char>,std::allocator<char>>' needs to have dll-interface to be used by clients of class 'antlr4::tree::pattern::ParseTreePatternMatcher'
  c:\program files (x86)\microsoft visual studio 14.0\vc\include\xstring(2633): note: see declaration of 'std::basic_string<char,std::char_traits<char>,std::allocator<char>>'
c:\users\yosha\documents\dae\z_old\sem2\programming 4\chapter1_-_antlr\antlr4-runtime\src\tree\pattern\ruletagtoken.h(24): warning C4251: 'antlr4::tree::pattern::RuleTagToken::ruleName': class 'std::basic_string<char,std::char_traits<char>,std::allocator<char>>' needs to have dll-interface to be used by clients of class 'antlr4::tree::pattern::RuleTagToken'
  c:\program files (x86)\microsoft visual studio 14.0\vc\include\xstring(2633): note: see declaration of 'std::basic_string<char,std::char_traits<char>,std::allocator<char>>'
c:\users\yosha\documents\dae\z_old\sem2\programming 4\chapter1_-_antlr\antlr4-runtime\src\tree\pattern\ruletagtoken.h(31): warning C4251: 'antlr4::tree::pattern::RuleTagToken::label': class 'std::basic_string<char,std::char_traits<char>,std::allocator<char>>' needs to have dll-interface to be used by clients of class 'antlr4::tree::pattern::RuleTagToken'
  c:\program files (x86)\microsoft visual studio 14.0\vc\include\xstring(2633): note: see declaration of 'std::basic_string<char,std::char_traits<char>,std::allocator<char>>'
c:\users\yosha\documents\dae\z_old\sem2\programming 4\chapter1_-_antlr\antlr4-runtime\src\tree\pattern\tagchunk.h(77): warning C4251: 'antlr4::tree::pattern::TagChunk::_tag': class 'std::basic_string<char,std::char_traits<char>,std::allocator<char>>' needs to have dll-interface to be used by clients of class 'antlr4::tree::pattern::TagChunk'
  c:\program files (x86)\microsoft visual studio 14.0\vc\include\xstring(2633): note: see declaration of 'std::basic_string<char,std::char_traits<char>,std::allocator<char>>'
c:\users\yosha\documents\dae\z_old\sem2\programming 4\chapter1_-_antlr\antlr4-runtime\src\tree\pattern\tagchunk.h(81): warning C4251: 'antlr4::tree::pattern::TagChunk::_label': class 'std::basic_string<char,std::char_traits<char>,std::allocator<char>>' needs to have dll-interface to be used by clients of class 'antlr4::tree::pattern::TagChunk'
  c:\program files (x86)\microsoft visual studio 14.0\vc\include\xstring(2633): note: see declaration of 'std::basic_string<char,std::char_traits<char>,std::allocator<char>>'
c:\users\yosha\documents\dae\z_old\sem2\programming 4\chapter1_-_antlr\antlr4-runtime\src\tree\pattern\textchunk.h(23): warning C4251: 'antlr4::tree::pattern::TextChunk::text': class 'std::basic_string<char,std::char_traits<char>,std::allocator<char>>' needs to have dll-interface to be used by clients of class 'antlr4::tree::pattern::TextChunk'
  c:\program files (x86)\microsoft visual studio 14.0\vc\include\xstring(2633): note: see declaration of 'std::basic_string<char,std::char_traits<char>,std::allocator<char>>'
c:\users\yosha\documents\dae\z_old\sem2\programming 4\chapter1_-_antlr\antlr4-runtime\src\tree\pattern\tokentagtoken.h(24): warning C4251: 'antlr4::tree::pattern::TokenTagToken::tokenName': class 'std::basic_string<char,std::char_traits<char>,std::allocator<char>>' needs to have dll-interface to be used by clients of class 'antlr4::tree::pattern::TokenTagToken'
  c:\program files (x86)\microsoft visual studio 14.0\vc\include\xstring(2633): note: see declaration of 'std::basic_string<char,std::char_traits<char>,std::allocator<char>>'
c:\users\yosha\documents\dae\z_old\sem2\programming 4\chapter1_-_antlr\antlr4-runtime\src\tree\pattern\tokentagtoken.h(28): warning C4251: 'antlr4::tree::pattern::TokenTagToken::label': class 'std::basic_string<char,std::char_traits<char>,std::allocator<char>>' needs to have dll-interface to be used by clients of class 'antlr4::tree::pattern::TokenTagToken'
  c:\program files (x86)\microsoft visual studio 14.0\vc\include\xstring(2633): note: see declaration of 'std::basic_string<char,std::char_traits<char>,std::allocator<char>>'
c:\users\yosha\documents\dae\z_old\sem2\programming 4\chapter1_-_antlr\antlr4-runtime\src\tree\xpath\xpath.h(58): warning C4251: 'antlr4::tree::xpath::XPath::WILDCARD': class 'std::basic_string<char,std::char_traits<char>,std::allocator<char>>' needs to have dll-interface to be used by clients of class 'antlr4::tree::xpath::XPath'
  c:\program files (x86)\microsoft visual studio 14.0\vc\include\xstring(2633): note: see declaration of 'std::basic_string<char,std::char_traits<char>,std::allocator<char>>'
c:\users\yosha\documents\dae\z_old\sem2\programming 4\chapter1_-_antlr\antlr4-runtime\src\tree\xpath\xpath.h(59): warning C4251: 'antlr4::tree::xpath::XPath::NOT': class 'std::basic_string<char,std::char_traits<char>,std::allocator<char>>' needs to have dll-interface to be used by clients of class 'antlr4::tree::xpath::XPath'
  c:\program files (x86)\microsoft visual studio 14.0\vc\include\xstring(2633): note: see declaration of 'std::basic_string<char,std::char_traits<char>,std::allocator<char>>'
c:\users\yosha\documents\dae\z_old\sem2\programming 4\chapter1_-_antlr\antlr4-runtime\src\tree\xpath\xpath.h(73): warning C4251: 'antlr4::tree::xpath::XPath::_path': class 'std::basic_string<char,std::char_traits<char>,std::allocator<char>>' needs to have dll-interface to be used by clients of class 'antlr4::tree::xpath::XPath'
  c:\program files (x86)\microsoft visual studio 14.0\vc\include\xstring(2633): note: see declaration of 'std::basic_string<char,std::char_traits<char>,std::allocator<char>>'
c:\users\yosha\documents\dae\z_old\sem2\programming 4\chapter1_-_antlr\antlr4-runtime\src\tree\xpath\xpath.h(74): warning C4251: 'antlr4::tree::xpath::XPath::_elements': class 'std::vector<antlr4::tree::xpath::XPathElement,std::allocator<_Ty>>' needs to have dll-interface to be used by clients of class 'antlr4::tree::xpath::XPath'
          with
          [
              _Ty=antlr4::tree::xpath::XPathElement
          ]
  c:\users\yosha\documents\dae\z_old\sem2\programming 4\chapter1_-_antlr\antlr4-runtime\src\tree\xpath\xpath.h(65): note: see declaration of 'std::vector<antlr4::tree::xpath::XPathElement,std::allocator<_Ty>>'
          with
          [
              _Ty=antlr4::tree::xpath::XPathElement
          ]
c:\users\yosha\documents\dae\z_old\sem2\programming 4\chapter1_-_antlr\antlr4-runtime\src\tree\xpath\xpathelement.h(31): warning C4251: 'antlr4::tree::xpath::XPathElement::_nodeName': class 'std::basic_string<char,std::char_traits<char>,std::allocator<char>>' needs to have dll-interface to be used by clients of class 'antlr4::tree::xpath::XPathElement'
  c:\program files (x86)\microsoft visual studio 14.0\vc\include\xstring(2633): note: see declaration of 'std::basic_string<char,std::char_traits<char>,std::allocator<char>>'
c:\users\yosha\documents\dae\z_old\sem2\programming 4\textbasedadventure\helpers.h(155): warning C4267: '=': conversion from 'size_t' to 'int', possible loss of data
  TextBasedAdventure.vcxproj -> C:\Users\Yosha\Documents\DAE\Z_Old\Sem2\Programming 4\TextBasedAdventure\x64\Debug\TextBasedAdventure.exe
  TextBasedAdventure.vcxproj -> C:\Users\Yosha\Documents\DAE\Z_Old\Sem2\Programming 4\TextBasedAdventure\x64\Debug\TextBasedAdventure.pdb (Full PDB)
